Build started 11/12/2015 11:00:23 PM.
     1>Project "C:\Users\Matan\Google Drive\הנדסת חשמל\סמסטר ז\מערכות הפעלה\hw1_vs2010\hw1_vs2010\hw1_vs2010.vcxproj" on node 2 (build target(s)).
     1>InitializeBuildStatus:
         Creating "Debug\hw1_vs2010.unsuccessfulbuild" because "AlwaysCreate" was specified.
       ClCompile:
         c:\Program Files (x86)\Microsoft Visual Studio 10.0\VC\bin\CL.exe /c /ZI /nologo /W3 /WX- /Od /Oy- /D WIN32 /D _DEBUG /D _CONSOLE /D _UNICODE /D UNICODE /Gm /EHsc /RTC1 /MDd /GS /fp:precise /Zc:wchar_t /Zc:forScope /Fo"Debug\\" /Fd"Debug\vc100.pdb" /Gd /TC /analyze- /errorReport:prompt submarine.c
         submarine.c
     1>c:\users\matan\google drive\הנדסת חשמל\סמסטר ז\מערכות הפעלה\hw1_vs2010\hw1_vs2010\submarine.c(179): warning C4020: 'ProccessTimeZone' : too many actual parameters
     1>c:\users\matan\google drive\הנדסת חשמל\סמסטר ז\מערכות הפעלה\hw1_vs2010\hw1_vs2010\submarine.c(217): warning C4020: 'GetDistance' : too many actual parameters
     1>c:\users\matan\google drive\הנדסת חשמל\סמסטר ז\מערכות הפעלה\hw1_vs2010\hw1_vs2010\submarine.c(241): warning C4020: 'GetDistance' : too many actual parameters
     1>c:\users\matan\google drive\הנדסת חשמל\סמסטר ז\מערכות הפעלה\hw1_vs2010\hw1_vs2010\submarine.c(284): warning C4020: 'GetDistance' : too many actual parameters
     1>c:\users\matan\google drive\הנדסת חשמל\סמסטר ז\מערכות הפעלה\hw1_vs2010\hw1_vs2010\submarine.c(296): warning C4028: formal parameter 2 different from declaration
     1>c:\users\matan\google drive\הנדסת חשמל\סמסטר ז\מערכות הפעלה\hw1_vs2010\hw1_vs2010\submarine.c(296): warning C4029: declared formal parameter list different from definition
     1>c:\users\matan\google drive\הנדסת חשמל\סמסטר ז\מערכות הפעלה\hw1_vs2010\hw1_vs2010\submarine.c(338): warning C4029: declared formal parameter list different from definition
     1>c:\users\matan\google drive\הנדסת חשמל\סמסטר ז\מערכות הפעלה\hw1_vs2010\hw1_vs2010\submarine.c(340): warning C4013: 'IsDolphinInDanger' undefined; assuming extern returning int
     1>c:\users\matan\google drive\הנדסת חשמל\סמסטר ז\מערכות הפעלה\hw1_vs2010\hw1_vs2010\submarine.c(450): warning C4101: 'WordInd' : unreferenced local variable
     1>c:\users\matan\google drive\הנדסת חשמל\סמסטר ז\מערכות הפעלה\hw1_vs2010\hw1_vs2010\submarine.c(466): warning C4029: declared formal parameter list different from definition
     1>c:\users\matan\google drive\הנדסת חשמל\סמסטר ז\מערכות הפעלה\hw1_vs2010\hw1_vs2010\submarine.c(26): warning C4715: 'InputValidation' : not all control paths return a value
     1>c:\users\matan\google drive\הנדסת חשמל\סמסטר ז\מערכות הפעלה\hw1_vs2010\hw1_vs2010\submarine.c(224): warning C4715: 'IsFriendInDanger' : not all control paths return a value
     1>c:\users\matan\google drive\הנדסת חשמל\סמסטר ז\מערכות הפעלה\hw1_vs2010\hw1_vs2010\submarine.c(335): warning C4716: 'Makedecision' : must return a value
       ManifestResourceCompile:
         All outputs are up-to-date.
       Link:
         c:\Program Files (x86)\Microsoft Visual Studio 10.0\VC\bin\link.exe /ERRORREPORT:PROMPT /OUT:"C:\Users\Matan\Google Drive\הנדסת חשמל\סמסטר ז\מערכות הפעלה\hw1_vs2010\Debug\hw1_vs2010.exe" /INCREMENTAL /NOLOGO kernel32.lib user32.lib gdi32.lib winspool.lib comdlg32.lib advapi32.lib shell32.lib ole32.lib oleaut32.lib uuid.lib odbc32.lib odbccp32.lib /MANIFEST /ManifestFile:"Debug\hw1_vs2010.exe.intermediate.manifest" /MANIFESTUAC:"level='asInvoker' uiAccess='false'" /DEBUG /PDB:"C:\Users\Matan\Google Drive\הנדסת חשמל\סמסטר ז\מערכות הפעלה\hw1_vs2010\Debug\hw1_vs2010.pdb" /SUBSYSTEM:CONSOLE /TLBID:1 /DYNAMICBASE /NXCOMPAT /IMPLIB:"C:\Users\Matan\Google Drive\הנדסת חשמל\סמסטר ז\מערכות הפעלה\hw1_vs2010\Debug\hw1_vs2010.lib" /MACHINE:X86 Debug\hw1_vs2010.exe.embed.manifest.res
         Debug\Hw1TextFileReader.obj
         Debug\main.obj
         Debug\submarine.obj
       Manifest:
         C:\Program Files (x86)\Microsoft SDKs\Windows\v7.0A\bin\mt.exe /nologo /verbose /out:"Debug\hw1_vs2010.exe.embed.manifest" /manifest Debug\hw1_vs2010.exe.intermediate.manifest
         All outputs are up-to-date.
       LinkEmbedManifest:
         All outputs are up-to-date.
         hw1_vs2010.vcxproj -> C:\Users\Matan\Google Drive\הנדסת חשמל\סמסטר ז\מערכות הפעלה\hw1_vs2010\Debug\hw1_vs2010.exe
       FinalizeBuildStatus:
         Deleting file "Debug\hw1_vs2010.unsuccessfulbuild".
         Touching "Debug\hw1_vs2010.lastbuildstate".
     1>Done Building Project "C:\Users\Matan\Google Drive\הנדסת חשמל\סמסטר ז\מערכות הפעלה\hw1_vs2010\hw1_vs2010\hw1_vs2010.vcxproj" (build target(s)).

Build succeeded.

Time Elapsed 00:00:00.94
